<?xml version="1.0" encoding="UTF-8"?>
<!-- Generated by org.testng.reporters.JUnitReportReporter -->
<testsuite hostname="Nada" failures="0" tests="1" name="runner.TestRunner" time="49.152" errors="0" timestamp="2025-10-29T15:21:24 WIB" skipped="0">
  <testcase classname="runner.TestRunner" name="runScenario" time="49.152"/>
</testsuite> <!-- runner.TestRunner -->
