<?xml version="1.0" encoding="UTF-8"?>
<!-- Generated by org.testng.reporters.JUnitReportReporter -->
<testsuite hostname="Nada" failures="0" tests="1" name="runner.TestRunner" time="38.799" errors="0" timestamp="2025-10-29T10:17:25 WIB" skipped="0">
  <testcase classname="runner.TestRunner" name="runScenario" time="38.799"/>
</testsuite> <!-- runner.TestRunner -->
